<?xml version="1.0" encoding="UTF-8"?>
<testsuite name="web.testSuite.UserCreateTest" tests="1" skipped="0" failures="0" errors="0" timestamp="2023-11-01T21:23:36" hostname="RENUCOV" time="23.138">
  <properties/>
  <testcase name="createLoginCreateFailTest()" classname="web.testSuite.UserCreateTest" time="23.138"/>
  <system-out><![CDATA[]]></system-out>
  <system-err><![CDATA[]]></system-err>
</testsuite>
